<?xml version="1.0" encoding="UTF-8"?>
<!-- Generated by org.testng.reporters.JUnitXMLReporter -->
<testsuite hostname="DESKTOP-A6TS6T6" ignored="1" name="Default test" tests="1" failures="0" timestamp="2020-05-18T21:20:44 BST" time="0.088" errors="0">
  <testcase name="ElementUi" time="0.014" classname="qaclickacademy.Mavenjava.SeleniumTest"/>
  <testcase name="BrowserAutomation" time="0.0" classname="qaclickacademy.Mavenjava.SeleniumTest">
    <ignored/>
  </testcase> <!-- BrowserAutomation -->
</testsuite> <!-- Default test -->
