<?xml version="1.0" encoding="UTF-8"?>
<testng-results skipped="0" failed="0" ignored="0" total="1" passed="1">
  <reporter-output>
  </reporter-output>
  <suite name="Suite" duration-ms="56091" started-at="2020-05-25T13:07:31 BST" finished-at="2020-05-25T13:08:27 BST">
    <groups>
    </groups>
    <test name="Test" duration-ms="56091" started-at="2020-05-25T13:07:31 BST" finished-at="2020-05-25T13:08:27 BST">
      <class name="Practise.AppiumFramework.Ecommerce_tc_3">
        <test-method status="PASS" signature="killAllProcesses()[pri:0, instance:Practise.AppiumFramework.Ecommerce_tc_3@63440df3]" name="killAllProcesses" is-config="true" duration-ms="3024" started-at="2020-05-25T13:07:31 BST" finished-at="2020-05-25T13:07:34 BST">
          <reporter-output>
          </reporter-output>
        </test-method> <!-- killAllProcesses -->
        <test-method status="PASS" signature="totalValidation()[pri:0, instance:Practise.AppiumFramework.Ecommerce_tc_3@63440df3]" name="totalValidation" duration-ms="52976" started-at="2020-05-25T13:07:34 BST" finished-at="2020-05-25T13:08:27 BST">
          <reporter-output>
          </reporter-output>
        </test-method> <!-- totalValidation -->
      </class> <!-- Practise.AppiumFramework.Ecommerce_tc_3 -->
    </test> <!-- Test -->
  </suite> <!-- Suite -->
</testng-results>
