<?xml version="1.0" encoding="UTF-8"?>
<testsuite xmlns:xsi="http://www.w3.org/2001/XMLSchema-instance" xsi:noNamespaceSchemaLocation="https://maven.apache.org/surefire/maven-surefire-plugin/xsd/surefire-test-report-3.0.xsd" version="3.0" name="TestSuite" time="1.973" tests="6" errors="0" skipped="0" failures="0">
  <properties>
[...]
</properties>
  <testcase name="DeleteTwitter" classname="qaclickacademy.Mavenjava.RESTAPITest" time="0.026"/>
  <testcase name="PostJira" classname="qaclickacademy.Mavenjava.RESTAPITest" time="0.001"/>
  <testcase name="IOSApps" classname="qaclickacademy.Mavenjava.AppiumTest" time="0"/>
  <testcase name="NativeAppAndroid" classname="qaclickacademy.Mavenjava.AppiumTest" time="0.001"/>
  <testcase name="BrowserAutomation" classname="qaclickacademy.Mavenjava.SeleniumTest" time="0"/>
  <testcase name="ElementUi" classname="qaclickacademy.Mavenjava.SeleniumTest" time="0.001"/>
</testsuite>