<?xml version="1.0" encoding="UTF-8"?>
<!-- Generated by org.testng.reporters.JUnitXMLReporter -->
<testsuite hostname="DESKTOP-A6TS6T6" ignored="0" name="Surefire test" tests="6" failures="0" timestamp="18 May 2020 21:04:26 GMT" time="0.087" errors="0">
  <testcase name="IOSApps" time="0.012" classname="qaclickacademy.Mavenjava.AppiumTest"/>
  <testcase name="NativeAppAndroid" time="0.001" classname="qaclickacademy.Mavenjava.AppiumTest"/>
  <testcase name="DeleteTwitter" time="0.001" classname="qaclickacademy.Mavenjava.RESTAPITest"/>
  <testcase name="PostJira" time="0.0" classname="qaclickacademy.Mavenjava.RESTAPITest"/>
  <testcase name="BrowserAutomation" time="0.0" classname="qaclickacademy.Mavenjava.SeleniumTest"/>
  <testcase name="ElementUi" time="0.001" classname="qaclickacademy.Mavenjava.SeleniumTest"/>
</testsuite> <!-- Surefire test -->
