<?xml version="1.0" encoding="UTF-8"?>
<testng-results skipped="0" failed="0" ignored="1" total="2" passed="1">
  <reporter-output>
  </reporter-output>
  <suite name="Default suite" duration-ms="88" started-at="2020-05-18T21:20:44 BST" finished-at="2020-05-18T21:20:44 BST">
    <groups>
    </groups>
    <test name="Default test" duration-ms="88" started-at="2020-05-18T21:20:44 BST" finished-at="2020-05-18T21:20:44 BST">
      <class name="qaclickacademy.Mavenjava.SeleniumTest">
        <test-method status="PASS" signature="ElementUi()[pri:0, instance:qaclickacademy.Mavenjava.SeleniumTest@67784306]" name="ElementUi" duration-ms="14" started-at="2020-05-18T21:20:44 BST" finished-at="2020-05-18T21:20:44 BST">
          <reporter-output>
          </reporter-output>
        </test-method> <!-- ElementUi -->
      </class> <!-- qaclickacademy.Mavenjava.SeleniumTest -->
    </test> <!-- Default test -->
  </suite> <!-- Default suite -->
</testng-results>
