<?xml version="1.0" encoding="UTF-8"?>
<!-- Generated by org.testng.reporters.JUnitXMLReporter -->
<testsuite hostname="DESKTOP-A6TS6T6" ignored="4" name="Car Loan" tests="6" failures="0" timestamp="2020-05-17T20:53:38 BST" time="0.06" errors="0">
  <testcase name="TestCarLoan1" time="0.002" classname="test.day3"/>
  <testcase name="TestCarLoan2" time="0.002" classname="test.day3"/>
  <testcase name="dataProviderTest" time="0.001" classname="test.day3"/>
  <testcase name="dataProviderTest" time="0.001" classname="test.day3"/>
  <testcase name="dataProviderTest" time="0.001" classname="test.day3"/>
  <testcase name="LoginAPICarLoan" time="0.002" classname="test.day3"/>
  <testcase name="WebLoginCarLoan" time="0.0" classname="test.day3">
    <ignored/>
  </testcase> <!-- WebLoginCarLoan -->
  <testcase name="MobileLogoutCarLoan" time="0.0" classname="test.day3">
    <ignored/>
  </testcase> <!-- MobileLogoutCarLoan -->
  <testcase name="MobileSignupCarLoan" time="0.0" classname="test.day3">
    <ignored/>
  </testcase> <!-- MobileSignupCarLoan -->
  <testcase name="MobileLoginCarLoan" time="0.0" classname="test.day3">
    <ignored/>
  </testcase> <!-- MobileLoginCarLoan -->
</testsuite> <!-- Car Loan -->
