<?xml version="1.0" encoding="UTF-8"?>
<!-- Generated by org.testng.reporters.JUnitXMLReporter -->
<testsuite hostname="DESKTOP-A6TS6T6" ignored="0" name="Home Loan" tests="3" failures="0" timestamp="2020-05-17T20:53:38 BST" time="0.014" errors="0">
  <testcase name="LoginAPIHomeLoan" time="0.002" classname="test.day4"/>
  <testcase name="MobileLoginHomeLoan" time="0.001" classname="test.day4"/>
  <testcase name="WebLoginHomeLoan" time="0.001" classname="test.day4"/>
</testsuite> <!-- Home Loan -->
