<?xml version="1.0" encoding="UTF-8"?>
<!-- Generated by org.testng.reporters.JUnitXMLReporter -->
<testsuite hostname="DESKTOP-A6TS6T6" ignored="1" name="Personal Loan" tests="2" failures="0" timestamp="2020-05-17T20:53:38 BST" time="0.078" errors="0">
  <testcase name="Demo" time="0.015" classname="test.day1"/>
  <testcase name="pload" time="0.004" classname="test.day2"/>
  <testcase name="SecondTest" time="0.0" classname="test.day1">
    <ignored/>
  </testcase> <!-- SecondTest -->
</testsuite> <!-- Personal Loan -->
