<?xml version="1.0" encoding="UTF-8"?>
<!-- Generated by org.testng.reporters.JUnitXMLReporter -->
<testsuite hostname="DESKTOP-A6TS6T6" ignored="8" name="Regression" tests="3" failures="0" timestamp="2020-05-17T14:53:52 BST" time="0.09" errors="0">
  <testcase name="pload" time="0.012" classname="test.day2"/>
  <testcase name="MobileLoginCarLoan" time="0.002" classname="test.day3"/>
  <testcase name="LoginAPIHomeLoan" time="0.002" classname="test.day4"/>
  <testcase name="WebLoginCarLoan" time="0.0" classname="test.day3">
    <ignored/>
  </testcase> <!-- WebLoginCarLoan -->
  <testcase name="WebLoginHomeLoan" time="0.0" classname="test.day4">
    <ignored/>
  </testcase> <!-- WebLoginHomeLoan -->
  <testcase name="SecondTest" time="0.0" classname="test.day1">
    <ignored/>
  </testcase> <!-- SecondTest -->
  <testcase name="MobileLogoutCarLoan" time="0.0" classname="test.day3">
    <ignored/>
  </testcase> <!-- MobileLogoutCarLoan -->
  <testcase name="MobileSignupCarLoan" time="0.0" classname="test.day3">
    <ignored/>
  </testcase> <!-- MobileSignupCarLoan -->
  <testcase name="LoginAPICarLoan" time="0.0" classname="test.day3">
    <ignored/>
  </testcase> <!-- LoginAPICarLoan -->
  <testcase name="Demo" time="0.0" classname="test.day1">
    <ignored/>
  </testcase> <!-- Demo -->
  <testcase name="MobileLoginHomeLoan" time="0.0" classname="test.day4">
    <ignored/>
  </testcase> <!-- MobileLoginHomeLoan -->
</testsuite> <!-- Regression -->
