<?xml version="1.0" encoding="UTF-8"?>
<testng-results skipped="0" failed="0" ignored="0" total="1" passed="1">
  <reporter-output>
  </reporter-output>
  <suite name="Suite" duration-ms="52578" started-at="2020-05-26T12:18:42Z" finished-at="2020-05-26T12:19:35Z">
    <groups>
    </groups>
    <test name="Test" duration-ms="52578" started-at="2020-05-26T12:18:42Z" finished-at="2020-05-26T12:19:35Z">
      <class name="Practise.AppiumFramework.Ecommerce_tc_3">
        <test-method status="PASS" signature="killAllProcesses()[pri:0, instance:Practise.AppiumFramework.Ecommerce_tc_3@2aa5fe93]" name="killAllProcesses" is-config="true" duration-ms="3018" started-at="2020-05-26T12:18:42Z" finished-at="2020-05-26T12:18:45Z">
          <reporter-output>
          </reporter-output>
        </test-method> <!-- killAllProcesses -->
        <test-method status="PASS" signature="totalValidation()[pri:0, instance:Practise.AppiumFramework.Ecommerce_tc_3@2aa5fe93]" name="totalValidation" duration-ms="49528" started-at="2020-05-26T12:18:45Z" finished-at="2020-05-26T12:19:35Z">
          <reporter-output>
          </reporter-output>
        </test-method> <!-- totalValidation -->
      </class> <!-- Practise.AppiumFramework.Ecommerce_tc_3 -->
    </test> <!-- Test -->
  </suite> <!-- Suite -->
</testng-results>
